<?xml version="1.0" encoding="UTF-8"?>
<!-- Generated by org.testng.reporters.JUnitReportReporter -->
<testsuite hostname="Sanam" failures="0" tests="1" name="Frame.FrameTest" time="2.212" errors="0" timestamp="2023-08-10T11:09:56 NPT" skipped="0">
  <testcase classname="Frame.FrameTest" name="testEditor" time="2.212"/>
</testsuite> <!-- Frame.FrameTest -->
