<?xml version="1.0" encoding="UTF-8"?>
<!-- Generated by org.testng.reporters.JUnitReportReporter -->
<testsuite hostname="Sanam" failures="0" tests="1" name="ContextMenu.ContextMenuTest" time="0.979" errors="0" timestamp="2023-08-10T10:34:14 NPT" skipped="0">
  <testcase classname="ContextMenu.ContextMenuTest" name="contextMenu" time="0.979"/>
</testsuite> <!-- ContextMenu.ContextMenuTest -->
