<?xml version="1.0" encoding="UTF-8"?>
<!-- Generated by org.testng.reporters.JUnitReportReporter -->
<testsuite hostname="Sanam" failures="0" tests="1" name="Slider.SliderTest" time="5.683" errors="0" timestamp="2023-08-09T09:58:32 NPT" skipped="0">
  <testcase classname="Slider.SliderTest" name="Slide" time="5.683"/>
</testsuite> <!-- Slider.SliderTest -->
