<?xml version="1.0" encoding="UTF-8"?>
<!-- Generated by org.testng.reporters.JUnitReportReporter -->
<testsuite hostname="Sanam" failures="0" tests="1" name="Keys.KeysTests" time="0.578" errors="0" timestamp="2023-08-08T15:12:08 NPT" skipped="0">
  <testcase classname="Keys.KeysTests" name="testBaskspace" time="0.578"/>
</testsuite> <!-- Keys.KeysTests -->
