<?xml version="1.0" encoding="UTF-8"?>
<!-- Generated by org.testng.reporters.JUnitReportReporter -->
<testsuite hostname="Sanam" failures="0" tests="1" name="Wait.WaituntilHidden" time="7.038" errors="0" timestamp="2023-08-10T15:01:12 NPT" skipped="0">
  <testcase classname="Wait.WaituntilHidden" name="testHidden" time="7.038"/>
</testsuite> <!-- Wait.WaituntilHidden -->
