<?xml version="1.0" encoding="UTF-8"?>
<!-- Generated by org.testng.reporters.JUnitReportReporter -->
<testsuite hostname="Sanam" failures="0" tests="1" name="Hover.HoverTests" time="1.021" errors="0" timestamp="2023-08-08T14:52:53 NPT" skipped="0">
  <testcase classname="Hover.HoverTests" name="testHoverUser1" time="1.021"/>
</testsuite> <!-- Hover.HoverTests -->
