<?xml version="1.0" encoding="UTF-8"?>
<!-- Generated by org.testng.reporters.JUnitReportReporter -->
<testsuite hostname="Sanam" failures="0" tests="2" name="Alert.AlertTest" time="1.652" errors="0" timestamp="2023-08-09T10:01:41 NPT" skipped="0">
  <testcase classname="Alert.AlertTest" name="confirmJsAlert" time="0.833"/>
  <testcase classname="Alert.AlertTest" name="testAlert" time="0.819"/>
</testsuite> <!-- Alert.AlertTest -->
