<?xml version="1.0" encoding="UTF-8"?>
<!-- Generated by org.testng.reporters.JUnitReportReporter -->
<testsuite hostname="Sanam" failures="0" tests="1" name="FileUploadTests.FileUploadTest" time="2.969" errors="0" timestamp="2023-08-10T10:17:16 NPT" skipped="0">
  <testcase classname="FileUploadTests.FileUploadTest" name="testFileUpload" time="2.969"/>
</testsuite> <!-- FileUploadTests.FileUploadTest -->
