<?xml version="1.0" encoding="UTF-8"?>
<!-- Generated by org.testng.reporters.JUnitReportReporter -->
<testsuite hostname="Sanam" failures="0" tests="1" name="PageObject.DropdownTests" time="0.610" errors="0" timestamp="2023-08-08T13:15:25 NPT" skipped="0">
  <testcase classname="PageObject.DropdownTests" name="testSelectOption" time="0.610"/>
</testsuite> <!-- PageObject.DropdownTests -->
